0 info it worked if it ends with ok
1 verbose cli [ '/usr/bin/node', '/usr/bin/npm', 'start' ]
2 info using npm@3.10.10
3 info using node@v6.12.0
4 verbose run-script [ 'prestart', 'start', 'poststart' ]
5 info lifecycle khurram@1.0.0~prestart: khurram@1.0.0
6 silly lifecycle khurram@1.0.0~prestart: no script for prestart, continuing
7 info lifecycle khurram@1.0.0~start: khurram@1.0.0
8 verbose lifecycle khurram@1.0.0~start: unsafe-perm in lifecycle true
9 verbose lifecycle khurram@1.0.0~start: PATH: /usr/lib/node_modules/npm/bin/node-gyp-bin:/home/shahzeb/Downloads/client/node_modules/.bin:/home/shahzeb/.rvm/gems/ruby-2.3.1/bin:/home/shahzeb/.rvm/gems/ruby-2.3.1@global/bin:/home/shahzeb/.rvm/rubies/ruby-2.3.1/bin:/home/shahzeb/bin:/home/shahzeb/.local/bin:/home/shahzeb/bin:/home/shahzeb/.local/bin:/usr/local/sbin:/usr/local/bin:/usr/sbin:/usr/bin:/sbin:/bin:/usr/games:/usr/local/games:/home/shahzeb/Android_TEMP/platform-tools:/snap/bin:/home/shahzeb/.rvm/bin:/snap/bin:/home/shahzeb/.rvm/bin:/home/shahzeb/.rvm/bin
10 verbose lifecycle khurram@1.0.0~start: CWD: /home/shahzeb/Downloads/client
11 silly lifecycle khurram@1.0.0~start: Args: [ '-c', 'webpack-dev-server --watch-poll' ]
12 silly lifecycle khurram@1.0.0~start: Returned: code: 1  signal: null
13 info lifecycle khurram@1.0.0~start: Failed to exec start script
14 verbose stack Error: khurram@1.0.0 start: `webpack-dev-server --watch-poll`
14 verbose stack Exit status 1
14 verbose stack     at EventEmitter.<anonymous> (/usr/lib/node_modules/npm/lib/utils/lifecycle.js:255:16)
14 verbose stack     at emitTwo (events.js:106:13)
14 verbose stack     at EventEmitter.emit (events.js:191:7)
14 verbose stack     at ChildProcess.<anonymous> (/usr/lib/node_modules/npm/lib/utils/spawn.js:40:14)
14 verbose stack     at emitTwo (events.js:106:13)
14 verbose stack     at ChildProcess.emit (events.js:191:7)
14 verbose stack     at maybeClose (internal/child_process.js:920:16)
14 verbose stack     at Process.ChildProcess._handle.onexit (internal/child_process.js:230:5)
15 verbose pkgid khurram@1.0.0
16 verbose cwd /home/shahzeb/Downloads/client
17 error Linux 4.13.0-32-generic
18 error argv "/usr/bin/node" "/usr/bin/npm" "start"
19 error node v6.12.0
20 error npm  v3.10.10
21 error code ELIFECYCLE
22 error khurram@1.0.0 start: `webpack-dev-server --watch-poll`
22 error Exit status 1
23 error Failed at the khurram@1.0.0 start script 'webpack-dev-server --watch-poll'.
23 error Make sure you have the latest version of node.js and npm installed.
23 error If you do, this is most likely a problem with the khurram package,
23 error not with npm itself.
23 error Tell the author that this fails on your system:
23 error     webpack-dev-server --watch-poll
23 error You can get information on how to open an issue for this project with:
23 error     npm bugs khurram
23 error Or if that isn't available, you can get their info via:
23 error     npm owner ls khurram
23 error There is likely additional logging output above.
24 verbose exit [ 1, true ]
